TN:
SF:src/email.tsx
FN:13,(anonymous_0)
FNF:1
FNH:1
FNDA:2,(anonymous_0)
DA:13,1
DA:14,2
DA:15,1
DA:18,1
DA:20,1
LF:5
LH:5
BRDA:13,0,0,0
BRDA:14,1,0,1
BRDA:14,1,1,1
BRF:3
BRH:2
end_of_record
TN:
SF:src/types.ts
FNF:0
FNH:0
LF:0
LH:0
BRF:0
BRH:0
end_of_record
TN:
SF:src/base/base.styles.ts
FNF:0
FNH:0
DA:7,1
DA:12,1
DA:14,1
DA:16,1
DA:20,1
LF:5
LH:5
BRF:0
BRH:0
end_of_record
TN:
SF:src/base/button/button.component.tsx
FN:10,(anonymous_0)
FNF:1
FNH:1
FNDA:4,(anonymous_0)
DA:10,1
DA:11,4
DA:12,3
DA:14,3
LF:4
LH:4
BRDA:12,0,0,1
BRDA:12,0,1,2
BRF:2
BRH:2
end_of_record
TN:
SF:src/base/button/button.styles.ts
FNF:0
FNH:0
DA:4,1
LF:1
LH:1
BRF:0
BRH:0
end_of_record
TN:
SF:src/base/button/index.ts
FNF:0
FNH:0
LF:0
LH:0
BRF:0
BRH:0
end_of_record
TN:
SF:src/base/image/image.component.tsx
FN:8,(anonymous_0)
FNF:1
FNH:1
FNDA:6,(anonymous_0)
DA:8,2
DA:9,6
DA:12,2
LF:3
LH:3
BRF:0
BRH:0
end_of_record
TN:
SF:src/base/image/index.ts
FNF:0
FNH:0
LF:0
LH:0
BRF:0
BRH:0
end_of_record
TN:
SF:src/base/layout/index.ts
FNF:0
FNH:0
LF:0
LH:0
BRF:0
BRH:0
end_of_record
TN:
SF:src/base/layout/layout.component.tsx
FN:12,(anonymous_0)
FNF:1
FNH:1
FNDA:2,(anonymous_0)
DA:12,1
DA:13,2
LF:2
LH:2
BRF:0
BRH:0
end_of_record
TN:
SF:src/base/layout/layout.styles.ts
FN:21,(anonymous_0)
FNF:1
FNH:1
FNDA:8,(anonymous_0)
DA:6,1
DA:15,1
DA:19,1
DA:21,8
DA:25,1
DA:30,1
LF:6
LH:6
BRF:0
BRH:0
end_of_record
TN:
SF:src/tests/utils/rendering.tsx
FN:7,getWrapper
FN:19,customRender
FN:31,customRenderHook
FNF:3
FNH:2
FNDA:3,getWrapper
FNDA:3,customRender
FNDA:0,customRenderHook
DA:14,3
DA:20,3
DA:22,3
DA:32,0
DA:34,0
LF:5
LH:3
BRDA:19,0,0,3
BRDA:31,1,0,0
BRF:2
BRH:1
end_of_record
